<?xml version="1.0" encoding="UTF-8"?>
<!-- Generated by org.testng.reporters.JUnitReportReporter -->
<testsuite skipped="3" hostname="DESKTOP-F1HL44K" name="Demo.NewProject.UpskillsAdmin" tests="4" failures="0" timestamp="05 Dec 2019 07:29:23 GMT" time="6.870" errors="0">
  <testcase name="productReturn" time="6.870" classname="Demo.NewProject.UpskillsAdmin"/>
  <testcase name="shoppingCart" classname="Demo.NewProject.UpskillsAdmin">
    <skipped/>
  </testcase> <!-- shoppingCart -->
  <testcase name="Customer" classname="Demo.NewProject.UpskillsAdmin">
    <skipped/>
  </testcase> <!-- Customer -->
  <testcase name="Sales" classname="Demo.NewProject.UpskillsAdmin">
    <skipped/>
  </testcase> <!-- Sales -->
</testsuite> <!-- Demo.NewProject.UpskillsAdmin -->
