<?xml version="1.0" encoding="UTF-8"?>
<!-- Generated by org.testng.reporters.JUnitReportReporter -->
<testsuite skipped="0" hostname="DESKTOP-F1HL44K" name="Demo.NewProject.AppTest" tests="1" failures="0" timestamp="05 Dec 2019 04:21:38 GMT" time="13.372" errors="0">
  <testcase name="display" time="13.372" classname="Demo.NewProject.AppTest"/>
</testsuite> <!-- Demo.NewProject.AppTest -->
